<?xml version="1.0" encoding="UTF-8"?>
<coverage generated="1743964145840" clover="3.2.0">
  <project timestamp="1743964145840" name="All files">
    <metrics statements="225" coveredstatements="214" conditionals="8" coveredconditionals="1" methods="7" coveredmethods="7" elements="240" coveredelements="222" complexity="0" loc="225" ncloc="225" packages="1" files="2" classes="2"/>
    <file name="logic.js" path="C:\Users\Kirill\Desktop\BingoFromKirill\src\logic.js">
      <metrics statements="55" coveredstatements="55" conditionals="5" coveredconditionals="0" methods="3" coveredmethods="3"/>
      <line num="1" count="1" type="stmt"/>
      <line num="2" count="1" type="stmt"/>
      <line num="3" count="1" type="stmt"/>
      <line num="4" count="1" type="stmt"/>
      <line num="5" count="1" type="stmt"/>
      <line num="6" count="1" type="stmt"/>
      <line num="7" count="1" type="stmt"/>
      <line num="8" count="1" type="stmt"/>
      <line num="9" count="2" type="stmt"/>
      <line num="10" count="2" type="cond" truecount="0" falsecount="1"/>
      <line num="11" count="2" type="cond" truecount="0" falsecount="1"/>
      <line num="12" count="2" type="stmt"/>
      <line num="13" count="2" type="cond" truecount="0" falsecount="1"/>
      <line num="14" count="2" type="cond" truecount="0" falsecount="1"/>
      <line num="15" count="2" type="stmt"/>
      <line num="16" count="2" type="stmt"/>
      <line num="17" count="1" type="stmt"/>
      <line num="18" count="1" type="stmt"/>
      <line num="19" count="1" type="stmt"/>
      <line num="20" count="1" type="stmt"/>
      <line num="21" count="1" type="stmt"/>
      <line num="22" count="1" type="stmt"/>
      <line num="23" count="1" type="stmt"/>
      <line num="24" count="1" type="stmt"/>
      <line num="25" count="1" type="stmt"/>
      <line num="26" count="1" type="stmt"/>
      <line num="27" count="1" type="stmt"/>
      <line num="28" count="1" type="stmt"/>
      <line num="29" count="1" type="stmt"/>
      <line num="30" count="1" type="stmt"/>
      <line num="31" count="1" type="stmt"/>
      <line num="32" count="1" type="stmt"/>
      <line num="33" count="1" type="stmt"/>
      <line num="34" count="1" type="stmt"/>
      <line num="35" count="1" type="stmt"/>
      <line num="36" count="1" type="stmt"/>
      <line num="37" count="1" type="stmt"/>
      <line num="38" count="1" type="stmt"/>
      <line num="39" count="1" type="stmt"/>
      <line num="40" count="1" type="stmt"/>
      <line num="41" count="1" type="stmt"/>
      <line num="42" count="1" type="stmt"/>
      <line num="43" count="1" type="stmt"/>
      <line num="44" count="1" type="stmt"/>
      <line num="45" count="1" type="stmt"/>
      <line num="46" count="1" type="stmt"/>
      <line num="47" count="1" type="stmt"/>
      <line num="48" count="1" type="stmt"/>
      <line num="49" count="1" type="stmt"/>
      <line num="50" count="25" type="stmt"/>
      <line num="51" count="25" type="cond" truecount="0" falsecount="1"/>
      <line num="52" count="25" type="stmt"/>
      <line num="53" count="25" type="stmt"/>
      <line num="54" count="1" type="stmt"/>
      <line num="55" count="1" type="stmt"/>
    </file>
    <file name="table.js" path="C:\Users\Kirill\Desktop\BingoFromKirill\src\table.js">
      <metrics statements="170" coveredstatements="159" conditionals="3" coveredconditionals="1" methods="4" coveredmethods="4"/>
      <line num="1" count="1" type="stmt"/>
      <line num="2" count="1" type="stmt"/>
      <line num="3" count="1" type="stmt"/>
      <line num="4" count="1" type="stmt"/>
      <line num="5" count="1" type="stmt"/>
      <line num="6" count="1" type="stmt"/>
      <line num="7" count="1" type="stmt"/>
      <line num="8" count="25" type="stmt"/>
      <line num="9" count="25" type="stmt"/>
      <line num="10" count="25" type="stmt"/>
      <line num="11" count="25" type="stmt"/>
      <line num="12" count="25" type="stmt"/>
      <line num="13" count="25" type="stmt"/>
      <line num="14" count="25" type="stmt"/>
      <line num="15" count="25" type="stmt"/>
      <line num="16" count="25" type="stmt"/>
      <line num="17" count="25" type="stmt"/>
      <line num="18" count="25" type="stmt"/>
      <line num="19" count="25" type="stmt"/>
      <line num="20" count="25" type="stmt"/>
      <line num="21" count="25" type="stmt"/>
      <line num="22" count="25" type="stmt"/>
      <line num="23" count="25" type="stmt"/>
      <line num="24" count="25" type="stmt"/>
      <line num="25" count="25" type="stmt"/>
      <line num="26" count="0" type="stmt"/>
      <line num="27" count="0" type="stmt"/>
      <line num="28" count="0" type="stmt"/>
      <line num="29" count="0" type="stmt"/>
      <line num="30" count="0" type="stmt"/>
      <line num="31" count="0" type="stmt"/>
      <line num="32" count="0" type="stmt"/>
      <line num="33" count="25" type="stmt"/>
      <line num="34" count="25" type="stmt"/>
      <line num="35" count="25" type="stmt"/>
      <line num="36" count="25" type="stmt"/>
      <line num="37" count="25" type="stmt"/>
      <line num="38" count="25" type="stmt"/>
      <line num="39" count="25" type="stmt"/>
      <line num="40" count="25" type="stmt"/>
      <line num="41" count="25" type="stmt"/>
      <line num="42" count="25" type="stmt"/>
      <line num="43" count="25" type="stmt"/>
      <line num="44" count="25" type="stmt"/>
      <line num="45" count="25" type="stmt"/>
      <line num="46" count="25" type="stmt"/>
      <line num="47" count="25" type="stmt"/>
      <line num="48" count="25" type="stmt"/>
      <line num="49" count="25" type="stmt"/>
      <line num="50" count="25" type="cond" truecount="0" falsecount="1"/>
      <line num="51" count="0" type="stmt"/>
      <line num="52" count="0" type="stmt"/>
      <line num="53" count="0" type="stmt"/>
      <line num="54" count="25" type="stmt"/>
      <line num="55" count="25" type="stmt"/>
      <line num="56" count="25" type="stmt"/>
      <line num="57" count="25" type="stmt"/>
      <line num="58" count="25" type="stmt"/>
      <line num="59" count="25" type="stmt"/>
      <line num="60" count="25" type="stmt"/>
      <line num="61" count="25" type="stmt"/>
      <line num="62" count="25" type="stmt"/>
      <line num="63" count="1" type="stmt"/>
      <line num="64" count="1" type="stmt"/>
      <line num="65" count="1" type="stmt"/>
      <line num="66" count="1" type="stmt"/>
      <line num="67" count="1" type="stmt"/>
      <line num="68" count="1" type="stmt"/>
      <line num="69" count="1" type="stmt"/>
      <line num="70" count="1" type="stmt"/>
      <line num="71" count="1" type="stmt"/>
      <line num="72" count="1" type="stmt"/>
      <line num="73" count="1" type="stmt"/>
      <line num="74" count="1" type="stmt"/>
      <line num="75" count="1" type="stmt"/>
      <line num="76" count="1" type="cond" truecount="0" falsecount="1"/>
      <line num="77" count="0" type="stmt"/>
      <line num="78" count="1" type="stmt"/>
      <line num="79" count="1" type="stmt"/>
      <line num="80" count="1" type="stmt"/>
      <line num="81" count="1" type="stmt"/>
      <line num="82" count="1" type="stmt"/>
      <line num="83" count="1" type="stmt"/>
      <line num="84" count="1" type="stmt"/>
      <line num="85" count="1" type="stmt"/>
      <line num="86" count="1" type="stmt"/>
      <line num="87" count="1" type="stmt"/>
      <line num="88" count="1" type="stmt"/>
      <line num="89" count="1" type="stmt"/>
      <line num="90" count="1" type="stmt"/>
      <line num="91" count="1" type="stmt"/>
      <line num="92" count="1" type="stmt"/>
      <line num="93" count="1" type="stmt"/>
      <line num="94" count="1" type="stmt"/>
      <line num="95" count="1" type="stmt"/>
      <line num="96" count="1" type="stmt"/>
      <line num="97" count="1" type="stmt"/>
      <line num="98" count="1" type="stmt"/>
      <line num="99" count="1" type="stmt"/>
      <line num="100" count="1" type="stmt"/>
      <line num="101" count="1" type="stmt"/>
      <line num="102" count="1" type="stmt"/>
      <line num="103" count="1" type="stmt"/>
      <line num="104" count="1" type="stmt"/>
      <line num="105" count="1" type="stmt"/>
      <line num="106" count="1" type="stmt"/>
      <line num="107" count="1" type="stmt"/>
      <line num="108" count="1" type="stmt"/>
      <line num="109" count="1" type="stmt"/>
      <line num="110" count="1" type="stmt"/>
      <line num="111" count="1" type="stmt"/>
      <line num="112" count="1" type="stmt"/>
      <line num="113" count="1" type="stmt"/>
      <line num="114" count="1" type="stmt"/>
      <line num="115" count="1" type="stmt"/>
      <line num="116" count="1" type="stmt"/>
      <line num="117" count="1" type="stmt"/>
      <line num="118" count="1" type="stmt"/>
      <line num="119" count="1" type="stmt"/>
      <line num="120" count="1" type="stmt"/>
      <line num="121" count="1" type="stmt"/>
      <line num="122" count="1" type="stmt"/>
      <line num="123" count="1" type="stmt"/>
      <line num="124" count="1" type="stmt"/>
      <line num="125" count="1" type="stmt"/>
      <line num="126" count="1" type="cond" truecount="1" falsecount="0"/>
      <line num="127" count="1" type="stmt"/>
      <line num="128" count="1" type="stmt"/>
      <line num="129" count="1" type="stmt"/>
      <line num="130" count="1" type="stmt"/>
      <line num="131" count="1" type="stmt"/>
      <line num="132" count="1" type="stmt"/>
      <line num="133" count="25" type="stmt"/>
      <line num="134" count="25" type="stmt"/>
      <line num="135" count="25" type="stmt"/>
      <line num="136" count="25" type="stmt"/>
      <line num="137" count="25" type="stmt"/>
      <line num="138" count="25" type="stmt"/>
      <line num="139" count="25" type="stmt"/>
      <line num="140" count="25" type="stmt"/>
      <line num="141" count="25" type="stmt"/>
      <line num="142" count="25" type="stmt"/>
      <line num="143" count="25" type="stmt"/>
      <line num="144" count="25" type="stmt"/>
      <line num="145" count="25" type="stmt"/>
      <line num="146" count="25" type="stmt"/>
      <line num="147" count="25" type="stmt"/>
      <line num="148" count="625" type="stmt"/>
      <line num="149" count="625" type="stmt"/>
      <line num="150" count="25" type="stmt"/>
      <line num="151" count="25" type="stmt"/>
      <line num="152" count="25" type="stmt"/>
      <line num="153" count="25" type="stmt"/>
      <line num="154" count="25" type="stmt"/>
      <line num="155" count="25" type="stmt"/>
      <line num="156" count="25" type="stmt"/>
      <line num="157" count="25" type="stmt"/>
      <line num="158" count="25" type="stmt"/>
      <line num="159" count="25" type="stmt"/>
      <line num="160" count="25" type="stmt"/>
      <line num="161" count="25" type="stmt"/>
      <line num="162" count="25" type="stmt"/>
      <line num="163" count="1" type="stmt"/>
      <line num="164" count="1" type="stmt"/>
      <line num="165" count="1" type="stmt"/>
      <line num="166" count="1" type="stmt"/>
      <line num="167" count="1" type="stmt"/>
      <line num="168" count="1" type="stmt"/>
      <line num="169" count="1" type="stmt"/>
      <line num="170" count="1" type="stmt"/>
    </file>
  </project>
</coverage>
